# JRE version: OpenJDK Runtime Environment (8.0_212-b04) (build 1.8.0_212-release-1586-b04)
# Java VM: OpenJDK 64-Bit Server VM (25.212-b04 mixed mode windows-amd64 compressed oops)
Heap:
 PSYoungGen      total 317952K, used 11766K [0x00000000e0000000, 0x0000000100000000, 0x0000000100000000)
  eden space 303616K, 3% used [0x00000000e0000000,0x00000000e0b7d990,0x00000000f2880000)
  from space 14336K, 0% used [0x00000000f2880000,0x00000000f2880000,0x00000000f3680000)
  to   space 16384K, 0% used [0x00000000ff000000,0x00000000ff000000,0x0000000100000000)
 ParOldGen       total 159744K, used 20601K [0x00000000a0000000, 0x00000000a9c00000, 0x00000000e0000000)
  object space 159744K, 12% used [0x00000000a0000000,0x00000000a141e548,0x00000000a9c00000)
 Metaspace       used 35687K, capacity 36366K, committed 36568K, reserved 1081344K
  class space    used 4797K, capacity 5022K, committed 5080K, reserved 1048576K
GC Heap History (10 events):
Event: 23.542 GC heap before
{Heap before GC invocations=5 (full 1):
 PSYoungGen      total 114688K, used 108442K [0x00000000e0000000, 0x00000000ec880000, 0x0000000100000000)
  eden space 98304K, 100% used [0x00000000e0000000,0x00000000e6000000,0x00000000e6000000)
  from space 16384K, 61% used [0x00000000e6000000,0x00000000e69e6900,0x00000000e7000000)
  to   space 16384K, 0% used [0x00000000eb880000,0x00000000eb880000,0x00000000ec880000)
 ParOldGen       total 111104K, used 12706K [0x00000000a0000000, 0x00000000a6c80000, 0x00000000e0000000)
  object space 111104K, 11% used [0x00000000a0000000,0x00000000a0c68840,0x00000000a6c80000)
 Metaspace       used 29210K, capacity 29660K, committed 29824K, reserved 1075200K
  class space    used 3959K, capacity 4139K, committed 4224K, reserved 1048576K
Event: 23.562 GC heap after
Heap after GC invocations=5 (full 1):
 PSYoungGen      total 188928K, used 5763K [0x00000000e0000000, 0x00000000ecb80000, 0x0000000100000000)
  eden space 172544K, 0% used [0x00000000e0000000,0x00000000e0000000,0x00000000ea880000)
  from space 16384K, 35% used [0x00000000eb880000,0x00000000ebe20cf0,0x00000000ec880000)
  to   space 16384K, 0% used [0x00000000ea880000,0x00000000ea880000,0x00000000eb880000)
 ParOldGen       total 111104K, used 12714K [0x00000000a0000000, 0x00000000a6c80000, 0x00000000e0000000)
  object space 111104K, 11% used [0x00000000a0000000,0x00000000a0c6a840,0x00000000a6c80000)
 Metaspace       used 29210K, capacity 29660K, committed 29824K, reserved 1075200K
  class space    used 3959K, capacity 4139K, committed 4224K, reserved 1048576K
}
Event: 26.696 GC heap before
{Heap before GC invocations=6 (full 1):
 PSYoungGen      total 188928K, used 178307K [0x00000000e0000000, 0x00000000ecb80000, 0x0000000100000000)
  eden space 172544K, 100% used [0x00000000e0000000,0x00000000ea880000,0x00000000ea880000)
  from space 16384K, 35% used [0x00000000eb880000,0x00000000ebe20cf0,0x00000000ec880000)
  to   space 16384K, 0% used [0x00000000ea880000,0x00000000ea880000,0x00000000eb880000)
 ParOldGen       total 111104K, used 12714K [0x00000000a0000000, 0x00000000a6c80000, 0x00000000e0000000)
  object space 111104K, 11% used [0x00000000a0000000,0x00000000a0c6a840,0x00000000a6c80000)
 Metaspace       used 29278K, capacity 29724K, committed 30080K, reserved 1075200K
  class space    used 3969K, capacity 4139K, committed 4224K, reserved 1048576K
Event: 26.714 GC heap after
Heap after GC invocations=6 (full 1):
 PSYoungGen      total 188928K, used 6544K [0x00000000e0000000, 0x00000000f4680000, 0x0000000100000000)
  eden space 172544K, 0% used [0x00000000e0000000,0x00000000e0000000,0x00000000ea880000)
  from space 16384K, 39% used [0x00000000ea880000,0x00000000eaee4050,0x00000000eb880000)
  to   space 14848K, 0% used [0x00000000f3800000,0x00000000f3800000,0x00000000f4680000)
 ParOldGen       total 111104K, used 12722K [0x00000000a0000000, 0x00000000a6c80000, 0x00000000e0000000)
  object space 111104K, 11% used [0x00000000a0000000,0x00000000a0c6c840,0x00000000a6c80000)
 Metaspace       used 29278K, capacity 29724K, committed 30080K, reserved 1075200K
  class space    used 3969K, capacity 4139K, committed 4224K, reserved 1048576K
}
Event: 29.201 GC heap before
{Heap before GC invocations=7 (full 1):
 PSYoungGen      total 188928K, used 179088K [0x00000000e0000000, 0x00000000f4680000, 0x0000000100000000)
  eden space 172544K, 100% used [0x00000000e0000000,0x00000000ea880000,0x00000000ea880000)
  from space 16384K, 39% used [0x00000000ea880000,0x00000000eaee4050,0x00000000eb880000)
  to   space 14848K, 0% used [0x00000000f3800000,0x00000000f3800000,0x00000000f4680000)
 ParOldGen       total 111104K, used 12722K [0x00000000a0000000, 0x00000000a6c80000, 0x00000000e0000000)
  object space 111104K, 11% used [0x00000000a0000000,0x00000000a0c6c840,0x00000000a6c80000)
 Metaspace       used 29922K, capacity 30566K, committed 30720K, reserved 1075200K
  class space    used 4030K, capacity 4225K, committed 4352K, reserved 1048576K
Event: 29.220 GC heap after
Heap after GC invocations=7 (full 1):
 PSYoungGen      total 316416K, used 7457K [0x00000000e0000000, 0x00000000f4480000, 0x0000000100000000)
  eden space 303616K, 0% used [0x00000000e0000000,0x00000000e0000000,0x00000000f2880000)
  from space 12800K, 58% used [0x00000000f3800000,0x00000000f3f486b8,0x00000000f4480000)
  to   space 14336K, 0% used [0x00000000f2880000,0x00000000f2880000,0x00000000f3680000)
 ParOldGen       total 111104K, used 12730K [0x00000000a0000000, 0x00000000a6c80000, 0x00000000e0000000)
  object space 111104K, 11% used [0x00000000a0000000,0x00000000a0c6e840,0x00000000a6c80000)
 Metaspace       used 29922K, capacity 30566K, committed 30720K, reserved 1075200K
  class space    used 4030K, capacity 4225K, committed 4352K, reserved 1048576K
}
Event: 30.798 GC heap before
{Heap before GC invocations=8 (full 1):
 PSYoungGen      total 316416K, used 82972K [0x00000000e0000000, 0x00000000f4480000, 0x0000000100000000)
  eden space 303616K, 24% used [0x00000000e0000000,0x00000000e49be970,0x00000000f2880000)
  from space 12800K, 58% used [0x00000000f3800000,0x00000000f3f486b8,0x00000000f4480000)
  to   space 14336K, 0% used [0x00000000f2880000,0x00000000f2880000,0x00000000f3680000)
 ParOldGen       total 111104K, used 12730K [0x00000000a0000000, 0x00000000a6c80000, 0x00000000e0000000)
  object space 111104K, 11% used [0x00000000a0000000,0x00000000a0c6e840,0x00000000a6c80000)
 Metaspace       used 34588K, capacity 35290K, committed 35416K, reserved 1079296K
  class space    used 4690K, capacity 4880K, committed 4952K, reserved 1048576K
Event: 30.818 GC heap after
Heap after GC invocations=8 (full 1):
 PSYoungGen      total 317952K, used 14308K [0x00000000e0000000, 0x0000000100000000, 0x0000000100000000)
  eden space 303616K, 0% used [0x00000000e0000000,0x00000000e0000000,0x00000000f2880000)
  from space 14336K, 99% used [0x00000000f2880000,0x00000000f3679080,0x00000000f3680000)
  to   space 16384K, 0% used [0x00000000ff000000,0x00000000ff000000,0x0000000100000000)
 ParOldGen       total 111104K, used 12786K [0x00000000a0000000, 0x00000000a6c80000, 0x00000000e0000000)
  object space 111104K, 11% used [0x00000000a0000000,0x00000000a0c7ca58,0x00000000a6c80000)
 Metaspace       used 34588K, capacity 35290K, committed 35416K, reserved 1079296K
  class space    used 4690K, capacity 4880K, committed 4952K, reserved 1048576K
}
Event: 30.818 GC heap before
{Heap before GC invocations=9 (full 2):
 PSYoungGen      total 317952K, used 14308K [0x00000000e0000000, 0x0000000100000000, 0x0000000100000000)
  eden space 303616K, 0% used [0x00000000e0000000,0x00000000e0000000,0x00000000f2880000)
  from space 14336K, 99% used [0x00000000f2880000,0x00000000f3679080,0x00000000f3680000)
  to   space 16384K, 0% used [0x00000000ff000000,0x00000000ff000000,0x0000000100000000)
 ParOldGen       total 111104K, used 12786K [0x00000000a0000000, 0x00000000a6c80000, 0x00000000e0000000)
  object space 111104K, 11% used [0x00000000a0000000,0x00000000a0c7ca58,0x00000000a6c80000)
 Metaspace       used 34588K, capacity 35290K, committed 35416K, reserved 1079296K
  class space    used 4690K, capacity 4880K, committed 4952K, reserved 1048576K
Event: 30.927 GC heap after
Heap after GC invocations=9 (full 2):
 PSYoungGen      total 317952K, used 0K [0x00000000e0000000, 0x0000000100000000, 0x0000000100000000)
  eden space 303616K, 0% used [0x00000000e0000000,0x00000000e0000000,0x00000000f2880000)
  from space 14336K, 0% used [0x00000000f2880000,0x00000000f2880000,0x00000000f3680000)
  to   space 16384K, 0% used [0x00000000ff000000,0x00000000ff000000,0x0000000100000000)
 ParOldGen       total 159744K, used 20601K [0x00000000a0000000, 0x00000000a9c00000, 0x00000000e0000000)
  object space 159744K, 12% used [0x00000000a0000000,0x00000000a141e548,0x00000000a9c00000)
 Metaspace       used 34505K, capacity 35142K, committed 35416K, reserved 1079296K
  class space    used 4665K, capacity 4852K, committed 4952K, reserved 1048576K
}

